Using pre-set license

 COMMAND LINE ARGUMENTS:
/Applications/Unity/Hub/Editor/2020.3.3f1/Unity.app/Contents/MacOS/Unity
-adb2
-batchMode
-noUpm
-name
AssetImportWorker0
-projectPath
/Users/gianlucabeltran/Desktop/TEC/Semestre4/CodeJumper/CodeJumper
-logFile
Logs/AssetImportWorker0.log
-srvPort
59472
Successfully changed project path to: /Users/gianlucabeltran/Desktop/TEC/Semestre4/CodeJumper/CodeJumper
/Users/gianlucabeltran/Desktop/TEC/Semestre4/CodeJumper/CodeJumper
Using Asset Import Pipeline V2.
Refreshing native plugins compatible for Editor in 66.31 ms, found 2 plugins.
Preloading 0 native plugins for Editor in 0.00 ms.
Initialize engine version: 2020.3.3f1 (76626098c1c4)
[Subsystems] Discovering subsystems at path /Applications/Unity/Hub/Editor/2020.3.3f1/Unity.app/Contents/Resources/UnitySubsystems
[Subsystems] Discovering subsystems at path /Users/gianlucabeltran/Desktop/TEC/Semestre4/CodeJumper/CodeJumper/Assets
GfxDevice: creating device client; threaded=0
2021-04-16 13:26:28.791 Unity[22538:621483] Color LCD preferred device: Intel(R) Iris(TM) Graphics 540 (low power)
2021-04-16 13:26:28.791 Unity[22538:621483] Metal devices available: 1
2021-04-16 13:26:28.791 Unity[22538:621483] 0: Intel(R) Iris(TM) Graphics 540 (low power)
2021-04-16 13:26:28.792 Unity[22538:621483] Using device Intel(R) Iris(TM) Graphics 540 (low power)
Initializing Metal device caps: Intel(R) Iris(TM) Graphics 540
Initialize mono
Mono path[0] = '/Applications/Unity/Hub/Editor/2020.3.3f1/Unity.app/Contents/Managed'
Mono path[1] = '/Applications/Unity/Hub/Editor/2020.3.3f1/Unity.app/Contents/MonoBleedingEdge/lib/mono/unityjit'
Mono config path = '/Applications/Unity/Hub/Editor/2020.3.3f1/Unity.app/Contents/MonoBleedingEdge/etc'
Using monoOptions --debugger-agent=transport=dt_socket,embedding=1,server=y,suspend=n,address=127.0.0.1:56538
Begin MonoManager ReloadAssembly
Registering precompiled unity dll's ...
Register platform support module: /Applications/Unity/Hub/Editor/2020.3.3f1/Unity.app/Contents/PlaybackEngines/MacStandaloneSupport/UnityEditor.OSXStandalone.Extensions.dll
Registered in 0.004143 seconds.
Native extension for OSXStandalone target not found
Refreshing native plugins compatible for Editor in 72.63 ms, found 2 plugins.
Preloading 0 native plugins for Editor in 0.00 ms.
Invoked RoslynAnalysisRunner static constructor.
RoslynAnalysisRunner will not be running.
RoslynAnalysisRunner has terminated.
Mono: successfully reloaded assembly
- Completed reload, in  2.834 seconds
Platform modules already initialized, skipping
Registering precompiled user dll's ...
Registered in 0.002272 seconds.
Begin MonoManager ReloadAssembly
Native extension for OSXStandalone target not found
Refreshing native plugins compatible for Editor in 88.90 ms, found 2 plugins.
Preloading 0 native plugins for Editor in 0.00 ms.
Invoked RoslynAnalysisRunner static constructor.
RoslynAnalysisRunner will not be running.
RoslynAnalysisRunner has terminated.
Mono: successfully reloaded assembly
- Completed reload, in  1.790 seconds
Platform modules already initialized, skipping
========================================================================
Worker process is ready to serve import requests
Launching external process: /Applications/Unity/Hub/Editor/2020.3.3f1/Unity.app/Contents/Tools/UnityShaderCompiler
Launched and connected shader compiler UnityShaderCompiler after 0.02 seconds
Refreshing native plugins compatible for Editor in 0.60 ms, found 2 plugins.
Preloading 0 native plugins for Editor in 0.00 ms.
Unloading 1976 Unused Serialized files (Serialized files now loaded: 0)
System memory in use before: 152.2 MB.
System memory in use after: 152.2 MB.

Unloading 20 unused Assets to reduce memory usage. Loaded Objects now: 2425.
Total: 3.016565 ms (FindLiveObjects: 0.366072 ms CreateObjectMapping: 0.129219 ms MarkObjects: 2.431516 ms  DeleteObjects: 0.087850 ms)

========================================================================
Received Import Request.
  path: Assets/TextMesh Pro/Fonts/LiberationSans.ttf
  artifactKey: Guid(e3265ab4bf004d28a9537516768c1c75) Importer(815301076,1909f56bfc062723c751e8b465ee728b)
Start importing Assets/TextMesh Pro/Fonts/LiberationSans.ttf using Guid(e3265ab4bf004d28a9537516768c1c75) Importer(815301076,1909f56bfc062723c751e8b465ee728b)  -> (artifact id: '144bf9c5ca7e15c318c0cf3cc495b27b') in 0.850049 seconds
  Import took 0.855765 seconds .

========================================================================
Received Import Request.
  Time since last request: 181.907436 seconds.
  path: Assets/TextMesh Pro/Fonts/press_start/PrStart.ttf
  artifactKey: Guid(3d59db97deaaacc4ab9f01b57401c307) Importer(815301076,1909f56bfc062723c751e8b465ee728b)
Start importing Assets/TextMesh Pro/Fonts/press_start/PrStart.ttf using Guid(3d59db97deaaacc4ab9f01b57401c307) Importer(815301076,1909f56bfc062723c751e8b465ee728b)  -> (artifact id: '033a67403fc5e0d718b9b44b1486511c') in 0.023907 seconds
  Import took 0.029193 seconds .

========================================================================
Received Import Request.
  Time since last request: 0.000232 seconds.
  path: Assets/TextMesh Pro/Fonts/press_start/prstartk.ttf
  artifactKey: Guid(86c7fdba19e3b7545b748a6b249c3697) Importer(815301076,1909f56bfc062723c751e8b465ee728b)
Start importing Assets/TextMesh Pro/Fonts/press_start/prstartk.ttf using Guid(86c7fdba19e3b7545b748a6b249c3697) Importer(815301076,1909f56bfc062723c751e8b465ee728b)  -> (artifact id: 'b32515225347caeccf25f455c4272ed2') in 0.011801 seconds
  Import took 0.015757 seconds .

========================================================================
Received Prepare
Registering precompiled user dll's ...
Registered in 0.000956 seconds.
Begin MonoManager ReloadAssembly
Native extension for OSXStandalone target not found
Refreshing native plugins compatible for Editor in 0.70 ms, found 2 plugins.
Preloading 0 native plugins for Editor in 0.00 ms.
Invoked RoslynAnalysisRunner static constructor.
RoslynAnalysisRunner will not be running.
RoslynAnalysisRunner has terminated.
Mono: successfully reloaded assembly
- Completed reload, in  1.539 seconds
Platform modules already initialized, skipping
Refreshing native plugins compatible for Editor in 0.57 ms, found 2 plugins.
Preloading 0 native plugins for Editor in 0.00 ms.
Unloading 1952 Unused Serialized files (Serialized files now loaded: 0)
System memory in use before: 159.0 MB.
System memory in use after: 159.1 MB.

Unloading 9 unused Assets to reduce memory usage. Loaded Objects now: 2472.
Total: 3.680344 ms (FindLiveObjects: 0.448371 ms CreateObjectMapping: 0.154052 ms MarkObjects: 3.053286 ms  DeleteObjects: 0.020334 ms)

========================================================================
Received Import Request.
  Time since last request: 337.157991 seconds.
  path: Assets/Sprites/Bloques_de_codigo/Boton_saltoDer.png
  artifactKey: Guid(58565281f29425747a722bdfaff26aa3) Importer(815301076,1909f56bfc062723c751e8b465ee728b)
Start importing Assets/Sprites/Bloques_de_codigo/Boton_saltoDer.png using Guid(58565281f29425747a722bdfaff26aa3) Importer(815301076,1909f56bfc062723c751e8b465ee728b)  -> (artifact id: 'e4be5a01af04202e47c359600fac3513') in 0.687482 seconds
  Import took 0.693867 seconds .

========================================================================
Received Import Request.
  Time since last request: 0.000253 seconds.
  path: Assets/Sprites/Bloques_de_codigo/Boton_saltoIzq.png
  artifactKey: Guid(114b27b2283c9d142934f9865ff0902f) Importer(815301076,1909f56bfc062723c751e8b465ee728b)
Start importing Assets/Sprites/Bloques_de_codigo/Boton_saltoIzq.png using Guid(114b27b2283c9d142934f9865ff0902f) Importer(815301076,1909f56bfc062723c751e8b465ee728b)  -> (artifact id: '13a6aeb9c80a8da4e2b7b457bcc8d0ec') in 0.016034 seconds
  Import took 0.024647 seconds .

========================================================================
Received Import Request.
  Time since last request: 0.000412 seconds.
  path: Assets/Sprites/Bloques_de_codigo/Boton_saltoDer.png
  artifactKey: Guid(58565281f29425747a722bdfaff26aa3) Importer(815301076,1909f56bfc062723c751e8b465ee728b)
Start importing Assets/Sprites/Bloques_de_codigo/Boton_saltoDer.png using Guid(58565281f29425747a722bdfaff26aa3) Importer(815301076,1909f56bfc062723c751e8b465ee728b)  -> (artifact id: 'e4be5a01af04202e47c359600fac3513') in 0.014926 seconds
  Import took 0.023262 seconds .

========================================================================
Received Import Request.
  Time since last request: 0.004297 seconds.
  path: Assets/Sprites/Bloques_de_codigo/Boton_saltoIzq.png
  artifactKey: Guid(114b27b2283c9d142934f9865ff0902f) Importer(815301076,1909f56bfc062723c751e8b465ee728b)
Start importing Assets/Sprites/Bloques_de_codigo/Boton_saltoIzq.png using Guid(114b27b2283c9d142934f9865ff0902f) Importer(815301076,1909f56bfc062723c751e8b465ee728b)  -> (artifact id: '13a6aeb9c80a8da4e2b7b457bcc8d0ec') in 0.028694 seconds
  Import took 0.037946 seconds .

========================================================================
Received Import Request.
  Time since last request: 1.932398 seconds.
  path: Assets/Sprites/botones/Boton_saltoIzq.png
  artifactKey: Guid(1794e1f1ab6227f44a76f4fa7f61e697) Importer(815301076,1909f56bfc062723c751e8b465ee728b)
Start importing Assets/Sprites/botones/Boton_saltoIzq.png using Guid(1794e1f1ab6227f44a76f4fa7f61e697) Importer(815301076,1909f56bfc062723c751e8b465ee728b)  -> (artifact id: '4580ab73cc187c3c56be70e81fd6f0c7') in 0.011830 seconds
  Import took 0.016810 seconds .

========================================================================
Received Import Request.
  Time since last request: 0.989797 seconds.
  path: Assets/Sprites/botones/Boton_derecha.png
  artifactKey: Guid(4e27f9ed6dd32ef4281cf188e4b9b827) Importer(815301076,1909f56bfc062723c751e8b465ee728b)
Start importing Assets/Sprites/botones/Boton_derecha.png using Guid(4e27f9ed6dd32ef4281cf188e4b9b827) Importer(815301076,1909f56bfc062723c751e8b465ee728b)  -> (artifact id: '791ffdf6855a2d8296cd2fc7bcae1b2d') in 0.010202 seconds
  Import took 0.015314 seconds .

========================================================================
Received Prepare
Registering precompiled user dll's ...
Registered in 0.003434 seconds.
Begin MonoManager ReloadAssembly
Native extension for OSXStandalone target not found
Refreshing native plugins compatible for Editor in 0.74 ms, found 2 plugins.
Preloading 0 native plugins for Editor in 0.00 ms.
Invoked RoslynAnalysisRunner static constructor.
RoslynAnalysisRunner will not be running.
RoslynAnalysisRunner has terminated.
Mono: successfully reloaded assembly
- Completed reload, in  1.659 seconds
Platform modules already initialized, skipping
Refreshing native plugins compatible for Editor in 0.77 ms, found 2 plugins.
Preloading 0 native plugins for Editor in 0.00 ms.
Unloading 1952 Unused Serialized files (Serialized files now loaded: 0)
System memory in use before: 163.6 MB.
System memory in use after: 163.7 MB.

Unloading 9 unused Assets to reduce memory usage. Loaded Objects now: 2479.
Total: 2.648795 ms (FindLiveObjects: 0.246362 ms CreateObjectMapping: 0.091264 ms MarkObjects: 2.288775 ms  DeleteObjects: 0.019898 ms)

========================================================================
Received Prepare
Registering precompiled user dll's ...
Registered in 0.002546 seconds.
Begin MonoManager ReloadAssembly
Native extension for OSXStandalone target not found
Refreshing native plugins compatible for Editor in 0.82 ms, found 2 plugins.
Preloading 0 native plugins for Editor in 0.00 ms.
Invoked RoslynAnalysisRunner static constructor.
RoslynAnalysisRunner will not be running.
RoslynAnalysisRunner has terminated.
Mono: successfully reloaded assembly
- Completed reload, in  2.191 seconds
Platform modules already initialized, skipping
Refreshing native plugins compatible for Editor in 0.64 ms, found 2 plugins.
Preloading 0 native plugins for Editor in 0.00 ms.
Unloading 1952 Unused Serialized files (Serialized files now loaded: 0)
System memory in use before: 163.8 MB.
System memory in use after: 164.0 MB.

Unloading 9 unused Assets to reduce memory usage. Loaded Objects now: 2482.
Total: 4.187138 ms (FindLiveObjects: 0.389221 ms CreateObjectMapping: 0.120937 ms MarkObjects: 3.633824 ms  DeleteObjects: 0.041068 ms)

========================================================================
Received Prepare
Refreshing native plugins compatible for Editor in 1.51 ms, found 2 plugins.
Preloading 0 native plugins for Editor in 0.00 ms.
Unloading 6 Unused Serialized files (Serialized files now loaded: 0)
System memory in use before: 125.4 MB.
System memory in use after: 125.5 MB.

Unloading 5 unused Assets to reduce memory usage. Loaded Objects now: 2482.
Total: 2.770030 ms (FindLiveObjects: 0.323625 ms CreateObjectMapping: 0.100897 ms MarkObjects: 2.300942 ms  DeleteObjects: 0.041309 ms)

========================================================================
Received Prepare
Registering precompiled user dll's ...
Registered in 0.003798 seconds.
Begin MonoManager ReloadAssembly
Native extension for OSXStandalone target not found
Refreshing native plugins compatible for Editor in 0.81 ms, found 2 plugins.
Preloading 0 native plugins for Editor in 0.00 ms.
Invoked RoslynAnalysisRunner static constructor.
RoslynAnalysisRunner will not be running.
RoslynAnalysisRunner has terminated.
Mono: successfully reloaded assembly
- Completed reload, in  1.578 seconds
Platform modules already initialized, skipping
Refreshing native plugins compatible for Editor in 0.66 ms, found 2 plugins.
Preloading 0 native plugins for Editor in 0.00 ms.
Unloading 1952 Unused Serialized files (Serialized files now loaded: 0)
System memory in use before: 164.1 MB.
System memory in use after: 164.2 MB.

Unloading 9 unused Assets to reduce memory usage. Loaded Objects now: 2485.
Total: 3.801500 ms (FindLiveObjects: 0.338274 ms CreateObjectMapping: 0.143789 ms MarkObjects: 3.290541 ms  DeleteObjects: 0.026081 ms)

========================================================================
Received Prepare
Registering precompiled user dll's ...
Registered in 0.001059 seconds.
Begin MonoManager ReloadAssembly
Native extension for OSXStandalone target not found
Refreshing native plugins compatible for Editor in 0.51 ms, found 2 plugins.
Preloading 0 native plugins for Editor in 0.00 ms.
Invoked RoslynAnalysisRunner static constructor.
RoslynAnalysisRunner will not be running.
RoslynAnalysisRunner has terminated.
Mono: successfully reloaded assembly
- Completed reload, in  1.270 seconds
Platform modules already initialized, skipping
Refreshing native plugins compatible for Editor in 0.55 ms, found 2 plugins.
Preloading 0 native plugins for Editor in 0.00 ms.
Unloading 1952 Unused Serialized files (Serialized files now loaded: 0)
System memory in use before: 164.3 MB.
System memory in use after: 164.4 MB.

Unloading 9 unused Assets to reduce memory usage. Loaded Objects now: 2488.
Total: 2.958423 ms (FindLiveObjects: 0.270866 ms CreateObjectMapping: 0.095451 ms MarkObjects: 2.565741 ms  DeleteObjects: 0.022389 ms)

========================================================================
Received Prepare
Registering precompiled user dll's ...
Registered in 0.007796 seconds.
Begin MonoManager ReloadAssembly
Native extension for OSXStandalone target not found
Refreshing native plugins compatible for Editor in 0.53 ms, found 2 plugins.
Preloading 0 native plugins for Editor in 0.00 ms.
Invoked RoslynAnalysisRunner static constructor.
RoslynAnalysisRunner will not be running.
RoslynAnalysisRunner has terminated.
Mono: successfully reloaded assembly
- Completed reload, in  1.493 seconds
Platform modules already initialized, skipping
Refreshing native plugins compatible for Editor in 0.56 ms, found 2 plugins.
Preloading 0 native plugins for Editor in 0.00 ms.
Unloading 1952 Unused Serialized files (Serialized files now loaded: 0)
System memory in use before: 164.5 MB.
System memory in use after: 164.5 MB.

Unloading 9 unused Assets to reduce memory usage. Loaded Objects now: 2491.
Total: 3.123738 ms (FindLiveObjects: 0.412754 ms CreateObjectMapping: 0.155627 ms MarkObjects: 2.529568 ms  DeleteObjects: 0.023479 ms)

========================================================================
Received Prepare
Registering precompiled user dll's ...
Registered in 0.007647 seconds.
Begin MonoManager ReloadAssembly
Native extension for OSXStandalone target not found
Refreshing native plugins compatible for Editor in 0.69 ms, found 2 plugins.
Preloading 0 native plugins for Editor in 0.00 ms.
Invoked RoslynAnalysisRunner static constructor.
RoslynAnalysisRunner will not be running.
RoslynAnalysisRunner has terminated.
Mono: successfully reloaded assembly
- Completed reload, in  2.430 seconds
Platform modules already initialized, skipping
Refreshing native plugins compatible for Editor in 0.88 ms, found 2 plugins.
Preloading 0 native plugins for Editor in 0.00 ms.
Unloading 1952 Unused Serialized files (Serialized files now loaded: 0)
System memory in use before: 164.6 MB.
System memory in use after: 164.7 MB.

Unloading 9 unused Assets to reduce memory usage. Loaded Objects now: 2494.
Total: 4.247932 ms (FindLiveObjects: 0.414034 ms CreateObjectMapping: 0.354462 ms MarkObjects: 3.455679 ms  DeleteObjects: 0.021174 ms)

========================================================================
Received Prepare
Registering precompiled user dll's ...
Registered in 0.001130 seconds.
Begin MonoManager ReloadAssembly
Native extension for OSXStandalone target not found
Refreshing native plugins compatible for Editor in 0.56 ms, found 2 plugins.
Preloading 0 native plugins for Editor in 0.00 ms.
Invoked RoslynAnalysisRunner static constructor.
RoslynAnalysisRunner will not be running.
RoslynAnalysisRunner has terminated.
Mono: successfully reloaded assembly
- Completed reload, in  1.683 seconds
Platform modules already initialized, skipping
Refreshing native plugins compatible for Editor in 0.51 ms, found 2 plugins.
Preloading 0 native plugins for Editor in 0.00 ms.
Unloading 1952 Unused Serialized files (Serialized files now loaded: 0)
System memory in use before: 164.8 MB.
System memory in use after: 164.9 MB.

Unloading 9 unused Assets to reduce memory usage. Loaded Objects now: 2497.
Total: 2.948476 ms (FindLiveObjects: 0.349478 ms CreateObjectMapping: 0.174465 ms MarkObjects: 2.379429 ms  DeleteObjects: 0.040631 ms)

========================================================================
Received Import Request.
  Time since last request: 4800.765585 seconds.
  path: Assets/Scenes/MUNDO_1 NIVEL_2.unity
  artifactKey: Guid(41496c8eb36845049896812f633d3d92) Importer(815301076,1909f56bfc062723c751e8b465ee728b)
Start importing Assets/Scenes/MUNDO_1 NIVEL_2.unity using Guid(41496c8eb36845049896812f633d3d92) Importer(815301076,1909f56bfc062723c751e8b465ee728b)  -> (artifact id: 'ededf37ae68c3f473f4cc9a73bca1282') in 0.014791 seconds
  Import took 0.019380 seconds .

========================================================================
Received Prepare
Registering precompiled user dll's ...
Registered in 0.001297 seconds.
Begin MonoManager ReloadAssembly
Native extension for OSXStandalone target not found
Refreshing native plugins compatible for Editor in 1.05 ms, found 2 plugins.
Preloading 0 native plugins for Editor in 0.00 ms.
Invoked RoslynAnalysisRunner static constructor.
RoslynAnalysisRunner will not be running.
RoslynAnalysisRunner has terminated.
Mono: successfully reloaded assembly
- Completed reload, in  1.764 seconds
Platform modules already initialized, skipping
Refreshing native plugins compatible for Editor in 0.89 ms, found 2 plugins.
Preloading 0 native plugins for Editor in 0.00 ms.
Unloading 1952 Unused Serialized files (Serialized files now loaded: 0)
System memory in use before: 165.0 MB.
System memory in use after: 165.1 MB.

Unloading 9 unused Assets to reduce memory usage. Loaded Objects now: 2500.
Total: 2.712326 ms (FindLiveObjects: 0.262907 ms CreateObjectMapping: 0.085674 ms MarkObjects: 2.326795 ms  DeleteObjects: 0.034896 ms)

========================================================================
Received Prepare
Registering precompiled user dll's ...
Registered in 0.002966 seconds.
Begin MonoManager ReloadAssembly
Native extension for OSXStandalone target not found
Refreshing native plugins compatible for Editor in 0.54 ms, found 2 plugins.
Preloading 0 native plugins for Editor in 0.00 ms.
Invoked RoslynAnalysisRunner static constructor.
RoslynAnalysisRunner will not be running.
RoslynAnalysisRunner has terminated.
Mono: successfully reloaded assembly
- Completed reload, in  1.442 seconds
Platform modules already initialized, skipping
Refreshing native plugins compatible for Editor in 0.56 ms, found 2 plugins.
Preloading 0 native plugins for Editor in 0.00 ms.
Unloading 1952 Unused Serialized files (Serialized files now loaded: 0)
System memory in use before: 165.2 MB.
System memory in use after: 165.3 MB.

Unloading 9 unused Assets to reduce memory usage. Loaded Objects now: 2503.
Total: 3.659483 ms (FindLiveObjects: 0.502558 ms CreateObjectMapping: 0.143149 ms MarkObjects: 2.986769 ms  DeleteObjects: 0.024334 ms)

========================================================================
Received Import Request.
  Time since last request: 947.717984 seconds.
  path: Assets/Scenes/MUNDO_1 NIVEL_3.unity
  artifactKey: Guid(b54dd6d5582589e4e858dad0f54923a6) Importer(815301076,1909f56bfc062723c751e8b465ee728b)
Start importing Assets/Scenes/MUNDO_1 NIVEL_3.unity using Guid(b54dd6d5582589e4e858dad0f54923a6) Importer(815301076,1909f56bfc062723c751e8b465ee728b)  -> (artifact id: '51730418c289e6da5f0e0435098a8926') in 0.026031 seconds
  Import took 0.031677 seconds .

========================================================================
Received Prepare
Registering precompiled user dll's ...
Registered in 0.002217 seconds.
Begin MonoManager ReloadAssembly
Native extension for OSXStandalone target not found
Refreshing native plugins compatible for Editor in 0.59 ms, found 2 plugins.
Preloading 0 native plugins for Editor in 0.00 ms.
Invoked RoslynAnalysisRunner static constructor.
RoslynAnalysisRunner will not be running.
RoslynAnalysisRunner has terminated.
Mono: successfully reloaded assembly
- Completed reload, in  1.375 seconds
Platform modules already initialized, skipping
Refreshing native plugins compatible for Editor in 0.71 ms, found 2 plugins.
Preloading 0 native plugins for Editor in 0.00 ms.
Unloading 1952 Unused Serialized files (Serialized files now loaded: 0)
System memory in use before: 165.4 MB.
System memory in use after: 165.5 MB.

Unloading 9 unused Assets to reduce memory usage. Loaded Objects now: 2506.
Total: 2.419850 ms (FindLiveObjects: 0.254408 ms CreateObjectMapping: 0.084908 ms MarkObjects: 2.058516 ms  DeleteObjects: 0.019660 ms)

========================================================================
Received Prepare
Registering precompiled user dll's ...
Registered in 0.001178 seconds.
Begin MonoManager ReloadAssembly
Native extension for OSXStandalone target not found
Refreshing native plugins compatible for Editor in 0.55 ms, found 2 plugins.
Preloading 0 native plugins for Editor in 0.00 ms.
Invoked RoslynAnalysisRunner static constructor.
RoslynAnalysisRunner will not be running.
RoslynAnalysisRunner has terminated.
Mono: successfully reloaded assembly
- Completed reload, in  1.367 seconds
Platform modules already initialized, skipping
Refreshing native plugins compatible for Editor in 0.50 ms, found 2 plugins.
Preloading 0 native plugins for Editor in 0.00 ms.
Unloading 1952 Unused Serialized files (Serialized files now loaded: 0)
System memory in use before: 165.6 MB.
System memory in use after: 165.7 MB.

Unloading 9 unused Assets to reduce memory usage. Loaded Objects now: 2509.
Total: 2.644534 ms (FindLiveObjects: 0.253774 ms CreateObjectMapping: 0.086821 ms MarkObjects: 2.281560 ms  DeleteObjects: 0.020929 ms)

========================================================================
Received Prepare
Registering precompiled user dll's ...
Registered in 0.000855 seconds.
Begin MonoManager ReloadAssembly
Native extension for OSXStandalone target not found
Refreshing native plugins compatible for Editor in 0.74 ms, found 2 plugins.
Preloading 0 native plugins for Editor in 0.00 ms.
Invoked RoslynAnalysisRunner static constructor.
RoslynAnalysisRunner will not be running.
RoslynAnalysisRunner has terminated.
Mono: successfully reloaded assembly
- Completed reload, in  1.540 seconds
Platform modules already initialized, skipping
Refreshing native plugins compatible for Editor in 0.72 ms, found 2 plugins.
Preloading 0 native plugins for Editor in 0.00 ms.
Unloading 1952 Unused Serialized files (Serialized files now loaded: 0)
System memory in use before: 165.8 MB.
System memory in use after: 165.9 MB.

Unloading 9 unused Assets to reduce memory usage. Loaded Objects now: 2512.
Total: 3.087771 ms (FindLiveObjects: 0.324518 ms CreateObjectMapping: 0.110728 ms MarkObjects: 2.628845 ms  DeleteObjects: 0.021098 ms)

========================================================================
Received Prepare
Registering precompiled user dll's ...
Registered in 0.001549 seconds.
Begin MonoManager ReloadAssembly
Native extension for OSXStandalone target not found
Refreshing native plugins compatible for Editor in 0.71 ms, found 2 plugins.
Preloading 0 native plugins for Editor in 0.00 ms.
Invoked RoslynAnalysisRunner static constructor.
RoslynAnalysisRunner will not be running.
RoslynAnalysisRunner has terminated.
Mono: successfully reloaded assembly
- Completed reload, in  2.175 seconds
Platform modules already initialized, skipping
Refreshing native plugins compatible for Editor in 1.93 ms, found 2 plugins.
Preloading 0 native plugins for Editor in 0.00 ms.
Unloading 1952 Unused Serialized files (Serialized files now loaded: 0)
System memory in use before: 166.0 MB.
System memory in use after: 166.1 MB.

Unloading 9 unused Assets to reduce memory usage. Loaded Objects now: 2515.
Total: 7.155539 ms (FindLiveObjects: 1.312111 ms CreateObjectMapping: 0.409458 ms MarkObjects: 5.392952 ms  DeleteObjects: 0.038052 ms)

